[    0.000000] Linux version 4.15.0-139-generic (buildd@lgw01-amd64-035) (gcc version 7.5.0 (Ubuntu 7.5.0-3ubuntu1~18.04)) #143-Ubuntu SMP Tue Mar 16 01:30:17 UTC 2021 (Ubuntu 4.15.0-139.143-generic 4.15.18)
[    0.000000] Command line: BOOT_IMAGE=/boot/vmlinuz-4.15.0-139-generic root=LABEL=cloudimg-rootfs ro console=tty1 console=ttyS0
[    0.000000] KERNEL supported cpus:
[    0.000000]   Intel GenuineIntel
[    0.000000]   AMD AuthenticAMD
[    0.000000]   Centaur CentaurHauls
[    0.000000] x86/fpu: Supporting XSAVE feature 0x001: 'x87 floating point registers'
[    0.000000] x86/fpu: Supporting XSAVE feature 0x002: 'SSE registers'
[    0.000000] x86/fpu: Supporting XSAVE feature 0x004: 'AVX registers'
[    0.000000] x86/fpu: xstate_offset[2]:  576, xstate_sizes[2]:  256
[    0.000000] x86/fpu: Enabled xstate features 0x7, context size is 832 bytes, using 'standard' format.
[    0.000000] e820: BIOS-provided physical RAM map:
[    0.000000] BIOS-e820: [mem 0x0000000000000000-0x000000000009fbff] usable
[    0.000000] BIOS-e820: [mem 0x000000000009fc00-0x000000000009ffff] reserved
[    0.000000] BIOS-e820: [mem 0x00000000000f0000-0x00000000000fffff] reserved
[    0.000000] BIOS-e820: [mem 0x0000000000100000-0x000000003ffeffff] usable
[    0.000000] BIOS-e820: [mem 0x000000003fff0000-0x000000003fffffff] ACPI data
[    0.000000] BIOS-e820: [mem 0x00000000fec00000-0x00000000fec00fff] reserved
[    0.000000] BIOS-e820: [mem 0x00000000fee00000-0x00000000fee00fff] reserved
[    0.000000] BIOS-e820: [mem 0x00000000fffc0000-0x00000000ffffffff] reserved
[    0.000000] NX (Execute Disable) protection: active
[    0.000000] SMBIOS 2.5 present.
[    0.000000] DMI: innotek GmbH VirtualBox/VirtualBox, BIOS VirtualBox 12/01/2006
[    0.000000] Hypervisor detected: KVM
[    0.000000] e820: last_pfn = 0x3fff0 max_arch_pfn = 0x400000000
[    0.000000] MTRR: Disabled
[    0.000000] x86/PAT: MTRRs disabled, skipping PAT initialization too.
[    0.000000] CPU MTRRs all blank - virtualized system.
[    0.000000] x86/PAT: Configuration [0-7]: WB  WT  UC- UC  WB  WT  UC- UC  
[    0.000000] found SMP MP-table at [mem 0x0009fff0-0x0009ffff]
[    0.000000] Scanning 1 areas for low memory corruption
[    0.000000] RAMDISK: [mem 0x35a61000-0x36d27fff]
[    0.000000] ACPI: Early table checksum verification disabled
[    0.000000] ACPI: RSDP 0x00000000000E0000 000024 (v02 VBOX  )
[    0.000000] ACPI: XSDT 0x000000003FFF0030 00003C (v01 VBOX   VBOXXSDT 00000001 ASL  00000061)
[    0.000000] ACPI: FACP 0x000000003FFF00F0 0000F4 (v04 VBOX   VBOXFACP 00000001 ASL  00000061)
[    0.000000] ACPI: DSDT 0x000000003FFF0470 002325 (v02 VBOX   VBOXBIOS 00000002 INTL 20120111)
[    0.000000] ACPI: FACS 0x000000003FFF0200 000040
[    0.000000] ACPI: FACS 0x000000003FFF0200 000040
[    0.000000] ACPI: APIC 0x000000003FFF0240 00005C (v02 VBOX   VBOXAPIC 00000001 ASL  00000061)
[    0.000000] ACPI: SSDT 0x000000003FFF02A0 0001CC (v01 VBOX   VBOXCPUT 00000002 INTL 20120111)
[    0.000000] No NUMA configuration found
[    0.000000] Faking a node at [mem 0x0000000000000000-0x000000003ffeffff]
[    0.000000] NODE_DATA(0) allocated [mem 0x3ffc5000-0x3ffeffff]
[    0.000000] kvm-clock: cpu 0, msr 0:3ff44001, primary cpu clock
[    0.000000] kvm-clock: Using msrs 4b564d01 and 4b564d00
[    0.000000] kvm-clock: using sched offset of 6384423749 cycles
[    0.000000] clocksource: kvm-clock: mask: 0xffffffffffffffff max_cycles: 0x1cd42e4dffb, max_idle_ns: 881590591483 ns
[    0.000000] Zone ranges:
[    0.000000]   DMA      [mem 0x0000000000001000-0x0000000000ffffff]
[    0.000000]   DMA32    [mem 0x0000000001000000-0x000000003ffeffff]
[    0.000000]   Normal   empty
[    0.000000]   Device   empty
[    0.000000] Movable zone start for each node
[    0.000000] Early memory node ranges
[    0.000000]   node   0: [mem 0x0000000000001000-0x000000000009efff]
[    0.000000]   node   0: [mem 0x0000000000100000-0x000000003ffeffff]
[    0.000000] Reserved but unavailable: 98 pages
[    0.000000] Initmem setup node 0 [mem 0x0000000000001000-0x000000003ffeffff]
[    0.000000] ACPI: PM-Timer IO Port: 0x4008
[    0.000000] IOAPIC[0]: apic_id 2, version 32, address 0xfec00000, GSI 0-23
[    0.000000] ACPI: INT_SRC_OVR (bus 0 bus_irq 0 global_irq 2 dfl dfl)
[    0.000000] ACPI: INT_SRC_OVR (bus 0 bus_irq 9 global_irq 9 low level)
[    0.000000] Using ACPI (MADT) for SMP configuration information
[    0.000000] smpboot: Allowing 2 CPUs, 0 hotplug CPUs
[    0.000000] PM: Registered nosave memory: [mem 0x00000000-0x00000fff]
[    0.000000] PM: Registered nosave memory: [mem 0x0009f000-0x0009ffff]
[    0.000000] PM: Registered nosave memory: [mem 0x000a0000-0x000effff]
[    0.000000] PM: Registered nosave memory: [mem 0x000f0000-0x000fffff]
[    0.000000] e820: [mem 0x40000000-0xfebfffff] available for PCI devices
[    0.000000] Booting paravirtualized kernel on KVM
[    0.000000] clocksource: refined-jiffies: mask: 0xffffffff max_cycles: 0xffffffff, max_idle_ns: 7645519600211568 ns
[    0.000000] random: get_random_bytes called from start_kernel+0x99/0x500 with crng_init=0
[    0.000000] setup_percpu: NR_CPUS:8192 nr_cpumask_bits:2 nr_cpu_ids:2 nr_node_ids:1
[    0.000000] percpu: Embedded 45 pages/cpu s147456 r8192 d28672 u1048576
[    0.000000] PV qspinlock hash table entries: 256 (order: 0, 4096 bytes)
[    0.000000] Built 1 zonelists, mobility grouping on.  Total pages: 257913
[    0.000000] Policy zone: DMA32
[    0.000000] Kernel command line: BOOT_IMAGE=/boot/vmlinuz-4.15.0-139-generic root=LABEL=cloudimg-rootfs ro console=tty1 console=ttyS0
[    0.000000] Memory: 983016K/1048120K available (12300K kernel code, 2483K rwdata, 4276K rodata, 2440K init, 2724K bss, 65104K reserved, 0K cma-reserved)
[    0.000000] SLUB: HWalign=64, Order=0-3, MinObjects=0, CPUs=2, Nodes=1
[    0.000000] Kernel/User page tables isolation: enabled
[    0.000000] ftrace: allocating 39429 entries in 155 pages
[    0.004000] Hierarchical RCU implementation.
[    0.004000] 	RCU restricting CPUs from NR_CPUS=8192 to nr_cpu_ids=2.
[    0.004000] 	Tasks RCU enabled.
[    0.004000] RCU: Adjusting geometry for rcu_fanout_leaf=16, nr_cpu_ids=2
[    0.004000] NR_IRQS: 524544, nr_irqs: 440, preallocated irqs: 16
[    0.004000] Console: colour VGA+ 80x25
[    0.004000] console [tty1] enabled
[    0.004000] console [ttyS0] enabled
[    0.004000] ACPI: Core revision 20170831
[    0.004000] ACPI: 2 ACPI AML tables successfully acquired and loaded
[    0.004000] APIC: Switch to symmetric I/O mode setup
[    0.004000] x2apic enabled
[    0.004000] Switched APIC routing to physical x2apic.
[    0.004000] ..TIMER: vector=0x30 apic1=0 pin1=2 apic2=-1 pin2=-1
[    0.004006] tsc: Detected 2303.998 MHz processor
[    0.004941] Calibrating delay loop (skipped) preset value.. 4607.99 BogoMIPS (lpj=9215992)
[    0.005599] pid_max: default: 32768 minimum: 301
[    0.008028] Security Framework initialized
[    0.008848] Yama: becoming mindful.
[    0.009581] AppArmor: AppArmor initialized
[    0.011402] Dentry cache hash table entries: 131072 (order: 8, 1048576 bytes)
[    0.012056] Inode-cache hash table entries: 65536 (order: 7, 524288 bytes)
[    0.013633] Mount-cache hash table entries: 2048 (order: 2, 16384 bytes)
[    0.016006] Mountpoint-cache hash table entries: 2048 (order: 2, 16384 bytes)
[    0.017763] Last level iTLB entries: 4KB 64, 2MB 8, 4MB 8
[    0.020002] Last level dTLB entries: 4KB 64, 2MB 0, 4MB 0, 1GB 4
[    0.021307] Spectre V1 : Mitigation: usercopy/swapgs barriers and __user pointer sanitization
[    0.023188] Spectre V2 : Mitigation: Full generic retpoline
[    0.024004] Spectre V2 : Spectre v2 / SpectreRSB mitigation: Filling RSB on context switch
[    0.025860] Speculative Store Bypass: Vulnerable
[    0.026786] SRBDS: Unknown: Dependent on hypervisor status
[    0.028003] MDS: Mitigation: Clear CPU buffers
[    0.029159] Freeing SMP alternatives memory: 36K
[    0.141122] smpboot: CPU0: Intel(R) Core(TM) i5-7360U CPU @ 2.30GHz (family: 0x6, model: 0x8e, stepping: 0x9)
[    0.143735] Performance Events: unsupported p6 CPU model 142 no PMU driver, software events only.
[    0.144029] Hierarchical SRCU implementation.
[    0.145541] NMI watchdog: Perf event create on CPU 0 failed with -2
[    0.148003] NMI watchdog: Perf NMI watchdog permanently disabled
[    0.149737] smp: Bringing up secondary CPUs ...
[    0.150953] x86: Booting SMP configuration:
[    0.152004] .... node  #0, CPUs:      #1
[    0.004000] kvm-clock: cpu 1, msr 0:3ff44041, secondary cpu clock
[    0.164022] smp: Brought up 1 node, 2 CPUs
[    0.164934] smpboot: Max logical packages: 1
[    0.165801] smpboot: Total of 2 processors activated (9215.99 BogoMIPS)
[    0.168166] devtmpfs: initialized
[    0.170770] x86/mm: Memory block size: 128MB
[    0.172116] evm: security.selinux
[    0.172785] evm: security.SMACK64
[    0.173439] evm: security.SMACK64EXEC
[    0.174153] evm: security.SMACK64TRANSMUTE
[    0.174946] evm: security.SMACK64MMAP
[    0.176002] evm: security.apparmor
[    0.176715] evm: security.ima
[    0.177313] evm: security.capability
[    0.178051] clocksource: jiffies: mask: 0xffffffff max_cycles: 0xffffffff, max_idle_ns: 7645041785100000 ns
[    0.180011] futex hash table entries: 512 (order: 3, 32768 bytes)
[    0.182085] pinctrl core: initialized pinctrl subsystem
[    0.184097] RTC time:  3:26:39, date: 03/25/21
[    0.185114] NET: Registered protocol family 16
[    0.186032] audit: initializing netlink subsys (disabled)
[    0.187081] audit: type=2000 audit(1616642807.085:1): state=initialized audit_enabled=0 res=1
[    0.188011] cpuidle: using governor ladder
[    0.189322] cpuidle: using governor menu
[    0.190127] ACPI: bus type PCI registered
[    0.192008] acpiphp: ACPI Hot Plug PCI Controller Driver version: 0.5
[    0.194034] PCI: Using configuration type 1 for base access
[    0.196898] HugeTLB registered 2.00 MiB page size, pre-allocated 0 pages
[    0.198088] ACPI: Added _OSI(Module Device)
[    0.200009] ACPI: Added _OSI(Processor Device)
[    0.201067] ACPI: Added _OSI(3.0 _SCP Extensions)
[    0.202165] ACPI: Added _OSI(Processor Aggregator Device)
[    0.204007] ACPI: Added _OSI(Linux-Dell-Video)
[    0.205016] ACPI: Added _OSI(Linux-Lenovo-NV-HDMI-Audio)
[    0.206535] ACPI: Added _OSI(Linux-HPI-Hybrid-Graphics)
[    0.208413] ACPI: Executed 1 blocks of module-level executable AML code
[    0.213162] ACPI: Interpreter enabled
[    0.214276] ACPI: (supports S0 S5)
[    0.215016] ACPI: Using IOAPIC for interrupt routing
[    0.216203] PCI: Using host bridge windows from ACPI; if necessary, use "pci=nocrs" and report a bug
[    0.218186] ACPI: Enabled 2 GPEs in block 00 to 07
[    0.226634] ACPI: PCI Root Bridge [PCI0] (domain 0000 [bus 00-ff])
[    0.228015] acpi PNP0A03:00: _OSC: OS supports [ASPM ClockPM Segments MSI]
[    0.230766] acpi PNP0A03:00: _OSC: not requesting OS control; OS requires [ExtendedConfig ASPM ClockPM MSI]
[    0.232020] acpi PNP0A03:00: fail to add MMCONFIG information, can't access extended PCI configuration space under this bridge.
[    0.236585] PCI host bridge to bus 0000:00
[    0.237627] pci_bus 0000:00: root bus resource [io  0x0000-0x0cf7 window]
[    0.240004] pci_bus 0000:00: root bus resource [io  0x0d00-0xffff window]
[    0.241457] pci_bus 0000:00: root bus resource [mem 0x000a0000-0x000bffff window]
[    0.244005] pci_bus 0000:00: root bus resource [mem 0x40000000-0xfdffffff window]
[    0.246171] pci_bus 0000:00: root bus resource [bus 00-ff]
[    0.253421] pci 0000:00:01.1: legacy IDE quirk: reg 0x10: [io  0x01f0-0x01f7]
[    0.255327] pci 0000:00:01.1: legacy IDE quirk: reg 0x14: [io  0x03f6]
[    0.256006] pci 0000:00:01.1: legacy IDE quirk: reg 0x18: [io  0x0170-0x0177]
[    0.260007] pci 0000:00:01.1: legacy IDE quirk: reg 0x1c: [io  0x0376]
[    0.286337] pci 0000:00:07.0: quirk: [io  0x4000-0x403f] claimed by PIIX4 ACPI
[    0.288085] pci 0000:00:07.0: quirk: [io  0x4100-0x410f] claimed by PIIX4 SMB
[    0.301402] ACPI: PCI Interrupt Link [LNKA] (IRQs 5 9 10 *11)
[    0.304265] ACPI: PCI Interrupt Link [LNKB] (IRQs 5 9 *10 11)
[    0.306514] ACPI: PCI Interrupt Link [LNKC] (IRQs 5 *9 10 11)
[    0.308436] ACPI: PCI Interrupt Link [LNKD] (IRQs 5 9 10 *11)
[    0.312168] SCSI subsystem initialized
[    0.313681] pci 0000:00:02.0: vgaarb: setting as boot VGA device
[    0.313996] pci 0000:00:02.0: vgaarb: VGA device added: decodes=io+mem,owns=io+mem,locks=none
[    0.316012] pci 0000:00:02.0: vgaarb: bridge control possible
[    0.320002] vgaarb: loaded
[    0.321022] ACPI: bus type USB registered
[    0.324042] usbcore: registered new interface driver usbfs
[    0.326302] usbcore: registered new interface driver hub
[    0.327764] usbcore: registered new device driver usb
[    0.328072] EDAC MC: Ver: 3.0.0
[    0.332064] PCI: Using ACPI for IRQ routing
[    0.333703] NetLabel: Initializing
[    0.334937] NetLabel:  domain hash size = 128
[    0.336005] NetLabel:  protocols = UNLABELED CIPSOv4 CALIPSO
[    0.338535] NetLabel:  unlabeled traffic allowed by default
[    0.340092] clocksource: Switched to clocksource kvm-clock
[    0.358054] VFS: Disk quotas dquot_6.6.0
[    0.359275] VFS: Dquot-cache hash table entries: 512 (order 0, 4096 bytes)
[    0.361265] AppArmor: AppArmor Filesystem Enabled
[    0.362560] pnp: PnP ACPI init
[    0.365097] pnp: PnP ACPI: found 3 devices
[    0.376221] clocksource: acpi_pm: mask: 0xffffff max_cycles: 0xffffff, max_idle_ns: 2085701024 ns
[    0.378746] NET: Registered protocol family 2
[    0.380196] TCP established hash table entries: 8192 (order: 4, 65536 bytes)
[    0.382296] TCP bind hash table entries: 8192 (order: 5, 131072 bytes)
[    0.385087] TCP: Hash tables configured (established 8192 bind 8192)
[    0.387135] UDP hash table entries: 512 (order: 2, 16384 bytes)
[    0.388285] UDP-Lite hash table entries: 512 (order: 2, 16384 bytes)
[    0.389494] NET: Registered protocol family 1
[    0.390369] pci 0000:00:00.0: Limiting direct PCI/PCI transfers
[    0.391933] pci 0000:00:01.0: Activating ISA DMA hang workarounds
[    0.393178] pci 0000:00:02.0: Video device with shadowed ROM at [mem 0x000c0000-0x000dffff]
[    0.395145] Unpacking initramfs...
[    0.658185] Freeing initrd memory: 19228K
[    0.659164] clocksource: tsc: mask: 0xffffffffffffffff max_cycles: 0x2135f5e6f15, max_idle_ns: 440795231538 ns
[    0.662452] platform rtc_cmos: registered platform RTC device (no PNP device found)
[    0.664230] Scanning for low memory corruption every 60 seconds
[    0.666365] Initialise system trusted keyrings
[    0.667611] Key type blacklist registered
[    0.668749] workingset: timestamp_bits=36 max_order=18 bucket_order=0
[    0.670997] zbud: loaded
[    0.672005] squashfs: version 4.0 (2009/01/31) Phillip Lougher
[    0.673447] fuse init (API version 7.26)
[    0.677502] Key type asymmetric registered
[    0.678377] Asymmetric key parser 'x509' registered
[    0.679651] Block layer SCSI generic (bsg) driver version 0.4 loaded (major 246)
[    0.682089] io scheduler noop registered
[    0.683188] io scheduler deadline registered
[    0.684077] io scheduler cfq registered (default)
[    0.685984] ACPI: AC Adapter [AC] (on-line)
[    0.686846] input: Power Button as /devices/LNXSYSTM:00/LNXPWRBN:00/input/input0
[    0.689228] ACPI: Power Button [PWRF]
[    0.690399] input: Sleep Button as /devices/LNXSYSTM:00/LNXSLPBN:00/input/input1
[    0.692204] ACPI: Sleep Button [SLPF]
[    0.694700] ACPI: Battery Slot [BAT0] (battery present)
[    0.695790] Serial: 8250/16550 driver, 32 ports, IRQ sharing enabled
[    0.718322] 00:02: ttyS0 at I/O 0x3f8 (irq = 4, base_baud = 115200) is a 16550A
[    0.723536] Linux agpgart interface v0.103
[    0.725696] loop: module loaded
[    0.726921] scsi host0: ata_piix
[    0.727824] scsi host1: ata_piix
[    0.728703] ata1: PATA max UDMA/33 cmd 0x1f0 ctl 0x3f6 bmdma 0xd000 irq 14
[    0.730285] ata2: PATA max UDMA/33 cmd 0x170 ctl 0x376 bmdma 0xd008 irq 15
[    0.732456] libphy: Fixed MDIO Bus: probed
[    0.733320] tun: Universal TUN/TAP device driver, 1.6
[    0.734364] PPP generic driver version 2.4.2
[    0.735448] ehci_hcd: USB 2.0 'Enhanced' Host Controller (EHCI) Driver
[    0.739146] ehci-pci: EHCI PCI platform driver
[    0.740576] ehci-platform: EHCI generic platform driver
[    0.742035] ohci_hcd: USB 1.1 'Open' Host Controller (OHCI) Driver
[    0.743344] ohci-pci: OHCI PCI platform driver
[    0.744341] ohci-platform: OHCI generic platform driver
[    0.745548] uhci_hcd: USB Universal Host Controller Interface driver
[    0.746808] i8042: PNP: PS/2 Controller [PNP0303:PS2K,PNP0f03:PS2M] at 0x60,0x64 irq 1,12
[    0.749122] serio: i8042 KBD port at 0x60,0x64 irq 1
[    0.751145] serio: i8042 AUX port at 0x60,0x64 irq 12
[    0.752519] mousedev: PS/2 mouse device common for all mice
[    0.754760] rtc_cmos rtc_cmos: rtc core: registered rtc_cmos as rtc0
[    0.756241] rtc_cmos rtc_cmos: alarms up to one day, 114 bytes nvram
[    0.757758] input: AT Translated Set 2 keyboard as /devices/platform/i8042/serio0/input/input2
[    0.759831] i2c /dev entries driver
[    0.760853] device-mapper: uevent: version 1.0.3
[    0.762310] device-mapper: ioctl: 4.37.0-ioctl (2017-09-20) initialised: dm-devel@redhat.com
[    0.764382] ledtrig-cpu: registered to indicate activity on CPUs
[    0.766252] NET: Registered protocol family 10
[    0.770721] Segment Routing with IPv6
[    0.771706] NET: Registered protocol family 17
[    0.773072] Key type dns_resolver registered
[    0.774202] mce: Using 0 MCE banks
[    0.775097] RAS: Correctable Errors collector initialized.
[    0.776613] sched_clock: Marking stable (776591768, 0)->(952615671, -176023903)
[    0.779852] registered taskstats version 1
[    0.780946] Loading compiled-in X.509 certificates
[    0.783576] Loaded X.509 cert 'Build time autogenerated kernel key: 9b9955b80c271df2d4651fb935031a2c1666e8fa'
[    0.785504] zswap: loaded using pool lzo/zbud
[    0.789467] Key type big_key registered
[    0.790449] Key type trusted registered
[    0.792796] Key type encrypted registered
[    0.793594] AppArmor: AppArmor sha1 policy hashing enabled
[    0.794644] ima: No TPM chip found, activating TPM-bypass! (rc=-19)
[    0.795866] ima: Allocated hash algorithm: sha1
[    0.796844] evm: HMAC attrs: 0x1
[    0.797722]   Magic number: 13:549:412
[    0.798582] rtc_cmos rtc_cmos: setting system clock to 2021-03-25 03:26:40 UTC (1616642800)
[    0.800338] BIOS EDD facility v0.16 2004-Jun-25, 0 devices found
[    0.801520] EDD information not available.
[    1.161147] Freeing unused kernel image memory: 2440K
[    1.176263] Write protecting the kernel read-only data: 20480k
[    1.178421] Freeing unused kernel image memory: 2008K
[    1.179840] Freeing unused kernel image memory: 1868K
[    1.188946] x86/mm: Checked W+X mappings: passed, no W+X pages found.
[    1.190180] x86/mm: Checking user space page tables
[    1.196571] x86/mm: Checked W+X mappings: passed, no W+X pages found.
Loading, please wait...
starting version 237
[    1.273928] e1000: Intel(R) PRO/1000 Network Driver - version 7.3.21-k8-NAPI
[    1.274362] Fusion MPT base driver 3.04.20
[    1.275843] e1000: Copyright (c) 1999-2006 Intel Corporation.
[    1.278221] Copyright (c) 1999-2008 LSI Corporation
[    1.295098] AVX2 version of gcm_enc/dec engaged.
[    1.296355] AES CTR mode by8 optimization enabled
[    1.298078] Fusion MPT SPI Host driver 3.04.20
[    1.509848] input: ImExPS/2 Generic Explorer Mouse as /devices/platform/i8042/serio1/input/input4
[    1.705912] e1000 0000:00:03.0 eth0: (PCI:33MHz:32-bit) 02:fe:a8:8b:96:c3
[    1.707280] e1000 0000:00:03.0 eth0: Intel(R) PRO/1000 Network Connection
[    1.711301] mptbase: ioc0: Initiating bringup
[    1.711906] e1000 0000:00:03.0 enp0s3: renamed from eth0
[    2.672638] ioc0: LSI53C1030 A0: Capabilities={Initiator}
[    6.521899] scsi host2: ioc0: LSI53C1030 A0, FwRev=00000000h, Ports=1, MaxQ=256, IRQ=20
[    8.441329] scsi 2:0:0:0: Direct-Access     VBOX     HARDDISK         1.0  PQ: 0 ANSI: 5
[    8.664276] scsi target2:0:0: Beginning Domain Validation
[    8.667424] scsi target2:0:0: Domain Validation skipping write tests
[    8.669082] scsi target2:0:0: Ending Domain Validation
[    8.670233] scsi target2:0:0: asynchronous
[    8.671761] scsi 2:0:1:0: Direct-Access     VBOX     HARDDISK         1.0  PQ: 0 ANSI: 5
[   10.136192] scsi target2:0:1: Beginning Domain Validation
[   10.138351] random: fast init done
[   10.139292] scsi target2:0:1: Domain Validation skipping write tests
[   10.141375] scsi target2:0:1: Ending Domain Validation
[   10.142657] scsi target2:0:1: asynchronous
[   10.147282] random: systemd-udevd: uninitialized urandom read (16 bytes read)
[   10.148722] random: systemd-udevd: uninitialized urandom read (16 bytes read)
[   10.150084] random: systemd-udevd: uninitialized urandom read (16 bytes read)
[   10.152302] sd 2:0:0:0: Attached scsi generic sg0 type 0
[   10.153437] sd 2:0:0:0: [sda] 83886080 512-byte logical blocks: (42.9 GB/40.0 GiB)
[   10.155174] sd 2:0:0:0: [sda] Write Protect is off
[   10.155256] sd 2:0:1:0: Attached scsi generic sg1 type 0
[   10.157636] sd 2:0:1:0: [sdb] 20480 512-byte logical blocks: (10.5 MB/10.0 MiB)
[   10.159078] sd 2:0:0:0: [sda] Incomplete mode parameter data
[   10.160494] sd 2:0:0:0: [sda] Assuming drive cache: write through
[   10.160542] sd 2:0:1:0: [sdb] Write Protect is off
[   10.163573] sd 2:0:1:0: [sdb] Incomplete mode parameter data
[   10.165048] sd 2:0:1:0: [sdb] Assuming drive cache: write through
[   10.168367]  sda: sda1
[   10.169914] sd 2:0:0:0: [sda] Attached SCSI disk
[   10.171805] sd 2:0:1:0: [sdb] Attached SCSI disk
Begin: Loading essential drivers ... [   11.616249] raid6: sse2x1   gen() 12078 MB/s
[   11.664225] raid6: sse2x1   xor()  8007 MB/s
[   11.712093] raid6: sse2x2   gen() 13360 MB/s
[   11.760528] raid6: sse2x2   xor()  9523 MB/s
[   11.808708] raid6: sse2x4   gen() 14447 MB/s
[   11.856119] raid6: sse2x4   xor() 10120 MB/s
[   11.904034] raid6: avx2x1   gen() 23054 MB/s
[   11.952526] raid6: avx2x1   xor() 16036 MB/s
[   12.000557] raid6: avx2x2   gen() 27097 MB/s
[   12.048268] raid6: avx2x2   xor() 17561 MB/s
[   12.096175] raid6: avx2x4   gen() 31587 MB/s
[   12.144046] raid6: avx2x4   xor() 19591 MB/s
[   12.144964] raid6: using algorithm avx2x4 gen() 31587 MB/s
[   12.146368] raid6: .... xor() 19591 MB/s, rmw enabled
[   12.147448] raid6: using avx2x2 recovery algorithm
[   12.149780] xor: automatically using best checksumming function   avx       
[   12.152633] async_tx: api initialized (async)
done.
Begin: Running /scripts/init-premount ... done.
Begin: Mounting root file system ... Begin: Running /scripts/local-top ... done.
Begin: Running /scripts/local-premount ... [   12.195804] Btrfs loaded, crc32c=crc32c-intel
Scanning for Btrfs filesystems
done.
Warning: fsck not present, so skipping root file system
[   12.227146] EXT4-fs (sda1): mounted filesystem with ordered data mode. Opts: (null)
done.
Begin: Running /scripts/local-bottom ... done.
Begin: Running /scripts/init-bottom ... done.
[   12.422996] ip_tables: (C) 2000-2006 Netfilter Core Team
[   12.436811] systemd[1]: systemd 237 running in system mode. (+PAM +AUDIT +SELINUX +IMA +APPARMOR +SMACK +SYSVINIT +UTMP +LIBCRYPTSETUP +GCRYPT +GNUTLS +ACL +XZ +LZ4 +SECCOMP +BLKID +ELFUTILS +KMOD -IDN2 +IDN -PCRE2 default-hierarchy=hybrid)
[   12.441978] systemd[1]: Detected virtualization oracle.
[   12.443021] systemd[1]: Detected architecture x86-64.

Welcome to [1mUbuntu 18.04.5 LTS[0m!

[   12.448870] systemd[1]: Set hostname to <ubuntu>.
[   12.453953] systemd[1]: Initializing machine ID from random generator.
[   12.458688] systemd[1]: Installed transient /etc/machine-id file.
[   12.759806] systemd[1]: Reached target Swap.
[[0;32m  OK  [0m] Reached target Swap.
[   12.761612] systemd[1]: Started Forward Password Requests to Wall Directory Watch.
[[0;32m  OK  [0m] Started Forward Password Requests to Wall Directory Watch.
[   12.764512] systemd[1]: Reached target User and Group Name Lookups.
[[0;32m  OK  [0m] Reached target User and Group Name Lookups.
[   12.767816] systemd[1]: Created slice User and Session Slice.
[[0;32m  OK  [0m] Created slice User and Session Slice.
[[0;32m  OK  [0m] Set up automount Arbitrary Executab…rmats File System Automount Point.
[[0;32m  OK  [0m] Created slice System Slice.
[[0;32m  OK  [0m] Listening on LVM2 metadata daemon socket.
[[0;32m  OK  [0m] Listening on LVM2 poll daemon socket.
[[0;32m  OK  [0m] Listening on Syslog Socket.
[[0;32m  OK  [0m] Listening on udev Kernel Socket.
[[0;32m  OK  [0m] Reached target Slices.
[[0;32m  OK  [0m] Listening on Journal Socket.
         Mounting POSIX Message Queue File System...
         Starting Create list of required st…ce nodes for the current kernel...
         Mounting Kernel Debug File System...
[[0;32m  OK  [0m] Listening on Network Service Netlink Socket.
[[0;32m  OK  [0m] Listening on Device-mapper event daemon FIFOs.
         Starting Monitoring of LVM2 mirrors…ng dmeventd or progress polling...
         Mounting Huge Pages File System...
[[0;32m  OK  [0m] Listening on Journal Audit Socket.
[[0;32m  OK  [0m] Listening on /dev/initctl Compatibility Named Pipe.
[[0;32m  OK  [0m] Reached target System Time Synchronized.
         Starting Uncomplicated firewall...
[[0;32m  OK  [0m] Listening on udev Control Socket.
         Starting udev Coldplug all Devices...
[[0;32m  OK  [0m] Created slice system-serial\x2dgetty.slice.
[[0;32m  OK  [0m] Listening on fsck to fsckd communication Socket.
         Starting File System Check on Root Device...
[[0;32m  OK  [0m] Listening on Journal Socket (/dev/log).
         Starting Journal Service...
         Starting Set the console keyboard layout...
         Starting Load Kernel Modules...
[[0;32m  OK  [0m] Mounted POSIX Message Queue File System.
[[0;32m  OK  [0m] Started Create list of required sta…vice nodes for the current kernel.
[[0;32m  OK  [0m] Mounted Kernel Debug File System.
[[0;32m  OK  [0m] Mounted Huge Pages File System.
[[0;32m  OK  [0m] Started Uncomplicated firewall.
[[0;32m  OK  [0m] Started LVM2 metadata daemon.
[[0;32m  OK  [0m] Started File System Check Daemon to report status.
         Starting Create Static Device Nodes in /dev...
[[0;32m  OK  [0m] Started Journal Service.
[   12.899507] Loading iSCSI transport class v2.0-870.
[[0;32m  OK  [0m] Started udev Coldplug all Devices.
[   12.908866] iscsi: registered transport (tcp)
[[0;32m  OK  [0m] Started Create Static Device Nodes in /dev.
[[0;32m  OK  [0m] Started File System Check on Root Device.
         Starting Remount Root and Kernel File Systems...
[[0;32m  OK  [0m] Started Monitoring of LVM2 mirrors,…sing dmeventd or progress polling.
[   13.039798] EXT4-fs (sda1): re-mounted. Opts: (null)
[[0;32m  OK  [0m] Started Remount Root and Kernel File Systems.
         Starting Load/Save Random Seed...
         Starting udev Kernel Device Manager...
         Starting Flush Journal to Persistent Storage...
[   13.051763] iscsi: registered transport (iser)
[[0;32m  OK  [0m] Started Load Kernel Modules.
         Starting Apply Kernel Variables...
         Mounting Kernel Configuration File System...
         Mounting FUSE Control File System...
[[0;32m  OK  [0m] Mounted Kernel Configuration File System.
[[0;32m  OK  [0m] Mounted FUSE Control File System.
[[0;32m  OK  [0m] Started Set the console keyboard layout.
[[0;32m  OK  [0m] Reached target Local File Systems (Pre).
[[0;32m  OK  [0m] Reached target Local File Systems.
         Starting AppArmor initialization...
         Starting Set console font and keymap...
         Starting ebtables ruleset management...
         Starting Tell Plymouth To Write Out Runtime Data...
         Starting Commit a transient machine-id on disk...
[[0;32m  OK  [0m] Started udev Kernel Device Manager.
[[0;32m  OK  [0m] Started Dispatch Password Requests to Console Directory Watch.
[[0;32m  OK  [0m] Reached target Local Encrypted Volumes.
[[0;32m  OK  [0m] Started Load/Save Random Seed.
[   13.145682] systemd-journald[402]: Received request to flush runtime journal from PID 1
[[0;32m  OK  [0m] Started Set console font and keymap.
[[0;32m  OK  [0m] Started Tell Plymouth To Write Out Runtime Data.
[[0;32m  OK  [0m] Started Apply Kernel Variables.
[[0;32m  OK  [0m] Started Flush Journal to Persistent Storage.
         Starting Create Volatile Files and Directories...
[[0;32m  OK  [0m] Started Commit a transient machine-id on disk.
[[0;32m  OK  [0m] Started Create Volatile Files and Directories.
         Starting Update UTMP about System Boot/Shutdown...
[[0;32m  OK  [0m] Started Update UTMP about System Boot/Shutdown.
[[0;32m  OK  [0m] Started ebtables ruleset management.
[[0;32m  OK  [0m] Found device /dev/ttyS0.
[[0;32m  OK  [0m] Listening on Load/Save RF Kill Switch Status /dev/rfkill Watch.
[[0;32m  OK  [0m] Started AppArmor initialization.
         Starting Initial cloud-init job (pre-networking)...
         Starting Load AppArmor profiles managed internally by snapd...
[[0;32m  OK  [0m] Started Load AppArmor profiles managed internally by snapd.
[   15.682903] cloud-init[559]: Cloud-init v. 20.4.1-0ubuntu1~18.04.1 running 'init-local' at Thu, 25 Mar 2021 03:26:54 +0000. Up 15.21 seconds.
[[0;32m  OK  [0m] Started Initial cloud-init job (pre-networking).
[[0;32m  OK  [0m] Reached target Network (Pre).
         Starting Network Service...
[[0;32m  OK  [0m] Started Network Service.
         Starting Wait for Network to be Configured...
         Starting Network Name Resolution...
[[0;32m  OK  [0m] Started Network Name Resolution.
[[0;32m  OK  [0m] Reached target Network.
[[0;32m  OK  [0m] Reached target Host and Network Name Lookups.
[[0;32m  OK  [0m] Started Wait for Network to be Configured.
         Starting Initial cloud-init job (metadata service crawler)...
[   18.181495] cloud-init[681]: Cloud-init v. 20.4.1-0ubuntu1~18.04.1 running 'init' at Thu, 25 Mar 2021 03:26:57 +0000. Up 18.02 seconds.
[   18.192425] cloud-init[681]: ci-info: ++++++++++++++++++++++++++++++++++++++Net device info++++++++++++++++++++++++++++++++++++++
[   18.195100] cloud-init[681]: ci-info: +--------+------+----------------------------+---------------+--------+-------------------+
[   18.208688] cloud-init[681]: ci-info: | Device |  Up  |          Address           |      Mask     | Scope  |     Hw-Address    |
[   18.211206] cloud-init[681]: ci-info: +--------+------+----------------------------+---------------+--------+-------------------+
[   18.213189] cloud-init[681]: ci-info: | enp0s3 | True |         10.0.2.15          | 255.255.255.0 | global | 02:fe:a8:8b:96:c3 |
[   18.215130] cloud-init[681]: ci-info: | enp0s3 | True | fe80::fe:a8ff:fe8b:96c3/64 |       .       |  link  | 02:fe:a8:8b:96:c3 |
[   18.217105] cloud-init[681]: ci-info: |   lo   | True |         127.0.0.1          |   255.0.0.0   |  host  |         .         |
[   18.219075] cloud-init[681]: ci-info: |   lo   | True |          ::1/128           |       .       |  host  |         .         |
[   18.221101] cloud-init[681]: ci-info: +--------+------+----------------------------+---------------+--------+-------------------+
[   18.222782] cloud-init[681]: ci-info: ++++++++++++++++++++++++++++Route IPv4 info+++++++++++++++++++++++++++++
[   18.224102] cloud-init[681]: ci-info: +-------+-------------+----------+-----------------+-----------+-------+
[   18.225348] cloud-init[681]: ci-info: | Route | Destination | Gateway  |     Genmask     | Interface | Flags |
[   18.226358] cloud-init[681]: ci-info: +-------+-------------+----------+-----------------+-----------+-------+
[   18.227955] cloud-init[681]: ci-info: |   0   |   0.0.0.0   | 10.0.2.2 |     0.0.0.0     |   enp0s3  |   UG  |
[   18.229602] cloud-init[681]: ci-info: |   1   |   10.0.2.0  | 0.0.0.0  |  255.255.255.0  |   enp0s3  |   U   |
[   18.231222] cloud-init[681]: ci-info: |   2   |   10.0.2.2  | 0.0.0.0  | 255.255.255.255 |   enp0s3  |   UH  |
[   18.232872] cloud-init[681]: ci-info: +-------+-------------+----------+-----------------+-----------+-------+
[   18.234157] cloud-init[681]: ci-info: +++++++++++++++++++Route IPv6 info+++++++++++++++++++
[   18.235631] cloud-init[681]: ci-info: +-------+-------------+---------+-----------+-------+
[   18.237039] cloud-init[681]: ci-info: | Route | Destination | Gateway | Interface | Flags |
[   18.238549] cloud-init[681]: ci-info: +-------+-------------+---------+-----------+-------+
[   18.240122] cloud-init[681]: ci-info: |   1   |  fe80::/64  |    ::   |   enp0s3  |   U   |
[   18.256348] cloud-init[681]: ci-info: |   3   |    local    |    ::   |   enp0s3  |   U   |
[   18.257435] cloud-init[681]: ci-info: |   4   |   ff00::/8  |    ::   |   enp0s3  |   U   |
[   18.268464] cloud-init[681]: ci-info: +-------+-------------+---------+-----------+-------+
[   18.856727] cloud-init[681]: Generating public/private rsa key pair.
[   18.868618] cloud-init[681]: Your identification has been saved in /etc/ssh/ssh_host_rsa_key.
[   18.880185] cloud-init[681]: Your public key has been saved in /etc/ssh/ssh_host_rsa_key.pub.
[   18.881546] cloud-init[681]: The key fingerprint is:
[   18.892188] cloud-init[681]: SHA256:776545lpuUuHa84zk6kPt5v5U5GtSsGae3WSsw59Yyg root@ubuntu-bionic
[   18.893761] cloud-init[681]: The key's randomart image is:
[   18.894857] cloud-init[681]: +---[RSA 2048]----+
[   18.895744] cloud-init[681]: |                 |
[   18.897352] cloud-init[681]: |                 |
[   18.898348] cloud-init[681]: |           .   o |
[   18.900261] cloud-init[681]: |            o o .|
[   18.912662] cloud-init[681]: |        S  o . + |
[   18.913799] cloud-init[681]: |         .o...O .|
[[0;32m  OK  [0m] Started Initial cloud-init job (metadata service crawler).
[   18.916499] cloud-init[[0;32m  OK  [0m] Reached target Network is Online.
[681]: |        . =Eo=.B.|
[   18.918969]          Starting Availability of block devices...
[[0;32m  OK  [0m] Reached target Remote File Systems (Pre).
[[0;32m  OK  [0m] Reached target Remote File Systems.
[[0;32m  OK  [0m] Reached target System Initialization.
         Starting Socket activation for snappy daemon.
[[0;32m  OK  [0m] Listening on D-Bus System Message Bus Socket.
cloud-init[681]: [[0;32m  OK  [0m] Started ACPI Events Check.
|         *%@=.o..|
[[0;32m  OK  [0m] Listening on UUID daemon activation socket.
[[0;32m  OK  [0m] Reached target Paths.
[[0;32m  OK  [0m] Started Discard unused blocks once a week.
         Starting LXD - unix socket.
[[0;32m  OK  [0m] Started Message of the Day.
[[0;32m  OK  [0m] Started Daily apt download activities.
[[0;32m  OK  [0m] Started Daily apt upgrade and clean activities.
[[0;32m  OK  [0m] Listening on ACPID Listen Socket.
[[0;32m  OK  [0m] Listening on Open-iSCSI iscsid Socket.
[[0;32m  OK  [0m] Started Daily Cleanup of Temporary Directories.
[[0;32m  OK  [0m] [   18.943157] cloud-init[681]: |        .O^&.o.  |
[   18.944294] Reached target Timers.
[[0;32m  OK  [0m] Reached target Cloud-config availability.
[[0;32m  OK  [0m] Started Availability of block devices.
[[0;32m  OK  [0m] Listening on Socket activation for snappy daemon.
[[0;32m  OK  [0m] cloud-init[681]: +----[SHA256]-----+
[   18.950112] cloud-init[681]: Generating public/private dsa key pair.Listening on LXD - unix socket.
[[0;32m  OK  [0m] Reached target Sockets.
[[0;32m  OK  [0m] Reached target Basic System.

[   18.953191] [[0;32m  OK  [0m] Started D-Bus System Message Bus.
cloud-init[681]: Your identification has been saved in /etc/ssh/ssh_host_dsa_key.
[   18.955496] cloud-init[681]: Your public key has been saved in /etc/ssh/ssh_host_dsa_key.pub.
[   18.957773] cloud-init[681]: The key fingerprint is:
[   18.968565] cloud-init[681]: SHA256:BcCFp6hH+zTqgQElJJeK5CY2fNB4v8DDEV4AGj8b9aE root@ubuntu-bionic
[   18.970695] cloud-init[681]: The key's randomart image is:
[   18.980682] cloud-init[681]: +---[DSA 1024]----+
[   18.992238]          Starting Permit User Sessions...
cloud-init[681]:          Starting Virtualbox guest utils...
|=o*++oo+o        |
[   18.996062] cloud-init[681]: |oXo=.oo...       |
[   18.999087] cloud-init[681]: |B.O.E..o  .      |
[   19.000514] cloud-init[681]: |+B Xo..  .       |
[   19.002564] cloud-init[681]: |+ =oo.. S        |
[   19.004142] cloud-init[681]: |  .oo.o          |
[[0;32m  OK  [0m] Started irqbalance daemon.
[[0;32m  OK  [0m] Started Deferred execution scheduler.
[   19.006320]          Starting System Logging Service...
[[0;32m  OK  [0m] Started FUSE filesystem for LXC.
cloud-init[[0;32m  OK  [0m] Started Regular background program processing daemon.
         Starting Login Service...
         Starting LSB: Record successful boot for GRUB...
         Starting Dispatcher daemon for systemd-networkd...
         Starting LXD - container startup/shutdown...
         Starting LSB: automatic crash report generation...
         Starting Accounts Service...
[681]: |  ...+ .         |         Starting Pollinate to seed the pseudo random number generator...
         Starting Snap Daemon...
[[0;32m  OK  [0m] Started Permit User Sessions.

[   19.031662] cloud-init[681]: |    ...          |
[   19.033860] cloud-init[681]: |   ..            |
[   19.034758] cloud-init[681]: +----[SHA256]-----+
         Starting Terminate Plymouth Boot Screen...
         Starting Hold until boot process finishes up...
[   19.036282] cloud-init[681]: Generating public/private ecdsa key pair.
[   19.042962] [[0;32m  OK  [0m] Started Hold until boot process finishes up.
cloud-init[681]: [[0;32m  OK  [0m] Started Serial Getty on ttyS0.
         Starting Set console scheme...
Your identification has been saved in /etc/ssh/ssh_host_ecdsa_key.
[   19.048279] cloud-init[681]: Your public key has been saved in /etc/ssh/ssh_host_ecdsa_key.pub.[
[0;32m  OK  [0m] Started Terminate Plymouth Boot Screen.
[   19.052482] cloud-init[681]: The key fingerprint is:
[   19.053223] cloud-init[681]: SHA256:SG54bjaVV/aGK5R/Do0Cu2j3MTb2s2TePKkFIUl1zKg root@ubuntu-bionic
[   19.054437] cloud-init[681]: The key's randomart image is:
[   19.064238] cloud-init[681]: +---[ECDSA 256]---+
[   19.065136] cloud-init[681]: |          ...+.  |
[   19.066053] cloud-init[681]: |         . ...o  |
[   19.066848] cloud-init[681]: |      .   o.+    |
[   19.067591] cloud-init[681]: |     + . .E= +   |
[   19.088613] cloud-init[681]: |    . = S + o o  |
[[0;32m  OK  [0m] Started System Logging Service.
[   19.103728] cloud-init[681]: |     + . = . *   |
[   19.105317] cloud-init[681]: |      = . O B +. |
[   19.106234] cloud-init[681]: |     o.o.+ @.Bo  |
[   19.116995] cloud-init[681]: |     ...... =++. |
[   19.120433] cloud-init[681]: +----[SHA256]-----+
[   19.121321] cloud-init[681]: Generating public/private ed25519 key pair.
[   19.122649] cloud-init[681]: Your identification has been saved in /etc/ssh/ssh_host_ed25519_key.
[   19.124212] cloud-init[681]: Your public key has been saved in /etc/ssh/ssh_host_ed25519_key.pub.
[   19.125985] cloud-init[681]: The key fingerprint is:
[   19.126988] cloud-init[681]: SHA256:YXHXFlw2JS6OGh+k8B2wtVICNJ0bdHN0BVZ30n6CF6E root@ubuntu-bionic
[   19.129502] cloud-init[681]: The key's randomart image is:
[   19.140459] cloud-init[681]: +--[ED25519 256]--+
[   19.152396] cloud-init[681]: |     .++=.*.+oOXX|
[   19.153676] cloud-init[681]: |       .+X = ==+=|
[   19.154822] cloud-init[681]: |      . =o+ Eo.o |
[   19.156470] cloud-init[681]: |       +.* +..o o|
[   19.157669] cloud-init[681]: |        S + .. ..|
[   19.159507] cloud-init[681]: |         + .     |
[   19.160799] cloud-init[681]: |        . .      |
[   19.161844] cloud-init[681]: |                 |
[   19.163658] cloud-init[681]: |                 |
[   19.164832] cloud-init[681]: +----[SHA256]-----+
[[0;32m  OK  [0m] Started Set console scheme.
[[0;32m  OK  [0m] Created slice system-getty.slice.
[[0;32m  OK  [0m] Started Getty on tty1.
[[0;32m  OK  [0m] Reached target Login Prompts.
[[0;32m  OK  [0m] Started Login Service.
[[0;32m  OK  [0m] Started Unattended Upgrades Shutdown.
         Starting Authorization Manager...
[[0;32m  OK  [0m] Started LSB: automatic crash report generation.
[[0;32m  OK  [0m] Started LSB: Record successful boot for GRUB.
[[0;32m  OK  [0m] Started Virtualbox guest utils.
[[0;32m  OK  [0m] Started Authorization Manager.
[[0;32m  OK  [0m] Started Accounts Service.
[[0;32m  OK  [0m] Started LXD - container startup/shutdown.
[[0;32m  OK  [0m] Started Dispatcher daemon for systemd-networkd.
[[0;32m  OK  [0m] Started Snap Daemon.
         Starting Wait until snapd is fully seeded...
[[0;32m  OK  [0m] Started Pollinate to seed the pseudo random number generator.
         Starting OpenBSD Secure Shell server...
[[0;32m  OK  [0m] Started OpenBSD Secure Shell server.
[[0;32m  OK  [0m] Started Wait until snapd is fully seeded.
[[0;32m  OK  [0m] Reached target Multi-User System.
[[0;32m  OK  [0m] Reached target Graphical Interface.
         Starting Update UTMP about System Runlevel Changes...
         Starting Apply the settings specified in cloud-config...
[[0;32m  OK  [0m] Started Update UTMP about System Runlevel Changes.
[   23.895973] cloud-init[1157]: Cloud-init v. 20.4.1-0ubuntu1~18.04.1 running 'modules:config' at Thu, 25 Mar 2021 03:27:03 +0000. Up 23.48 seconds.
[[0;32m  OK  [0m] Started Apply the settings specified in cloud-config.
         Starting Execute cloud user/final scripts...
ci-info: no authorized SSH keys fingerprints found for user ubuntu.
<14>Mar 25 03:27:04 ec2: 
<14>Mar 25 03:27:04 ec2: #############################################################
<14>Mar 25 03:27:04 ec2: -----BEGIN SSH HOST KEY FINGERPRINTS-----
<14>Mar 25 03:27:04 ec2: 1024 SHA256:BcCFp6hH+zTqgQElJJeK5CY2fNB4v8DDEV4AGj8b9aE root@ubuntu-bionic (DSA)
<14>Mar 25 03:27:04 ec2: 256 SHA256:SG54bjaVV/aGK5R/Do0Cu2j3MTb2s2TePKkFIUl1zKg root@ubuntu-bionic (ECDSA)
<14>Mar 25 03:27:04 ec2: 256 SHA256:YXHXFlw2JS6OGh+k8B2wtVICNJ0bdHN0BVZ30n6CF6E root@ubuntu-bionic (ED25519)
<14>Mar 25 03:27:04 ec2: 2048 SHA256:776545lpuUuHa84zk6kPt5v5U5GtSsGae3WSsw59Yyg root@ubuntu-bionic (RSA)
<14>Mar 25 03:27:04 ec2: -----END SSH HOST KEY FINGERPRINTS-----
<14>Mar 25 03:27:04 ec2: #############################################################
-----BEGIN SSH HOST KEY KEYS-----
ecdsa-sha2-nistp256 AAAAE2VjZHNhLXNoYTItbmlzdHAyNTYAAAAIbmlzdHAyNTYAAABBBAhIIZX5qzISY6PhujEXIR8Bjx/ooc1l/2ifC+a87us3hq+QQy/N2yfbIZsDDmeAKBpFV6nl5T3aZLrg0RTFk9w= root@ubuntu-bionic
ssh-ed25519 AAAAC3NzaC1lZDI1NTE5AAAAIA5/mX6YC3Qx0S19s4ch2/IxYZvJop33bSA8F8RLqEAD root@ubuntu-bionic
ssh-rsa AAAAB3NzaC1yc2EAAAADAQABAAABAQCz0swPzF/AIFhv+L+wNHp4+d24FhzVhHUwrKX4bAgz99HLbW68yYHz1Ssoth5YPFD84eLi5+IhIqLJVx3uKuCKn0G/MWXULVdxpJlCVUCg+0jXBzqhTW+aKiU+uRq3nu9BeYViHdRXnPwmBObzF1s8EHhcuoCN8ChWD1duWAWj3r8wJ+dNdXqJd10+DHGyWsdqyrZAM1Qtu7k+HYbIPkxZSBu5p9xZcKLjXQV8Jjm+maO3fNQ13+me/GHiBAXkrurVe0ghEjoec/xbeRF6ZZFUVD2Qofo3TM5Hc+5RMjLqnmJRHAYo0UvWz+RQhMKAmpIENWheePNFVE11lWFlIAll root@ubuntu-bionic
-----END SSH HOST KEY KEYS-----
[   24.360664] cloud-init[1223]: Cloud-init v. 20.4.1-0ubuntu1~18.04.1 running 'modules:final' at Thu, 25 Mar 2021 03:27:03 +0000. Up 24.22 seconds.
[   24.360746] cloud-init[1223]: ci-info: no authorized SSH keys fingerprints found for user ubuntu.
[   24.361658] cloud-init[1223]: Cloud-init v. 20.4.1-0ubuntu1~18.04.1 finished at Thu, 25 Mar 2021 03:27:04 +0000. Datasource DataSourceNoCloud [seed=/dev/sdb][dsmode=net].  Up 24.34 seconds

Ubuntu 18.04.5 LTS ubuntu-bionic ttyS0

ubuntu-bionic login: [45457.408713] e1000 0000:00:03.0 enp0s3: Reset adapter
